<?xml version="1.0" encoding="UTF-8"?>
<testng-results ignored="0" total="3" passed="3" failed="0" skipped="0">
  <reporter-output>
  </reporter-output>
  <suite started-at="2020-07-10T14:04:44 EDT" name="Default suite" finished-at="2020-07-10T14:05:25 EDT" duration-ms="40598">
    <groups>
    </groups>
    <test started-at="2020-07-10T14:04:44 EDT" name="Default test" finished-at="2020-07-10T14:05:25 EDT" duration-ms="40598">
      <class name="Jombone_Automation.SB001">
        <test-method is-config="true" signature="Setup()[pri:0, instance:Jombone_Automation.SB001@3c22fc4c]" started-at="2020-07-10T14:04:44 EDT" name="Setup" finished-at="2020-07-10T14:04:56 EDT" duration-ms="11879" status="PASS">
          <reporter-output>
          </reporter-output>
        </test-method> <!-- Setup -->
        <test-method signature="Login()[pri:1, instance:Jombone_Automation.SB001@3c22fc4c]" started-at="2020-07-10T14:04:56 EDT" name="Login" finished-at="2020-07-10T14:05:06 EDT" duration-ms="9620" status="PASS">
          <reporter-output>
          </reporter-output>
        </test-method> <!-- Login -->
        <test-method signature="UpdateProfile()[pri:2, instance:Jombone_Automation.SB001@3c22fc4c]" started-at="2020-07-10T14:05:06 EDT" name="UpdateProfile" finished-at="2020-07-10T14:05:22 EDT" duration-ms="16439" status="PASS">
          <reporter-output>
          </reporter-output>
        </test-method> <!-- UpdateProfile -->
        <test-method signature="VerifyProfileUpdated()[pri:3, instance:Jombone_Automation.SB001@3c22fc4c]" started-at="2020-07-10T14:05:22 EDT" name="VerifyProfileUpdated" finished-at="2020-07-10T14:05:24 EDT" duration-ms="1979" status="PASS">
          <reporter-output>
          </reporter-output>
        </test-method> <!-- VerifyProfileUpdated -->
        <test-method is-config="true" signature="Teardown()[pri:0, instance:Jombone_Automation.SB001@3c22fc4c]" started-at="2020-07-10T14:05:24 EDT" name="Teardown" finished-at="2020-07-10T14:05:25 EDT" duration-ms="551" status="PASS">
          <reporter-output>
          </reporter-output>
        </test-method> <!-- Teardown -->
      </class> <!-- Jombone_Automation.SB001 -->
    </test> <!-- Default test -->
  </suite> <!-- Default suite -->
</testng-results>
