<?xml version="1.0" encoding="UTF-8"?>
<!-- Generated by org.testng.reporters.JUnitXMLReporter -->
<testsuite ignored="0" hostname="DESKTOP-C7B5UC3" failures="0" tests="3" name="Default test" time="40.598" errors="0" timestamp="2020-07-10T14:05:25 EDT">
  <testcase classname="Jombone_Automation.SB001" name="Login" time="9.62"/>
  <testcase classname="Jombone_Automation.SB001" name="UpdateProfile" time="16.439"/>
  <testcase classname="Jombone_Automation.SB001" name="VerifyProfileUpdated" time="1.979"/>
</testsuite> <!-- Default test -->
