<?xml version="1.0" encoding="UTF-8"?>
<!-- Generated by org.testng.reporters.JUnitXMLReporter -->
<testsuite ignored="0" hostname="DESKTOP-C7B5UC3" failures="0" tests="3" name="JMB_COUserMgt_013" time="24.97" errors="0" timestamp="2020-07-08T16:51:17 EDT">
  <testcase classname="Jombone_Automation.JMB_COUserMgt_013" name="Login" time="9.758"/>
  <testcase classname="Jombone_Automation.JMB_COUserMgt_013" name="NavigateToUserMngmntPage" time="1.031"/>
  <testcase classname="Jombone_Automation.JMB_COUserMgt_013" name="InviteUser_SelectRole" time="1.056"/>
</testsuite> <!-- JMB_COUserMgt_013 -->
