<?xml version="1.0" encoding="UTF-8"?>
<!-- Generated by org.testng.reporters.JUnitXMLReporter -->
<testsuite ignored="0" hostname="DESKTOP-C7B5UC3" failures="0" tests="3" name="JMB_COUserMgt_015" time="23.013" errors="0" timestamp="2020-07-08T16:52:01 EDT">
  <testcase classname="Jombone_Automation.JMB_COUserMgt_015" name="Login" time="10.638"/>
  <testcase classname="Jombone_Automation.JMB_COUserMgt_015" name="NavigateToUserMngmntPage" time="0.995"/>
  <testcase classname="Jombone_Automation.JMB_COUserMgt_015" name="InviteUser_EnterMax100charInMsgTextbox_Positive" time="2.547"/>
</testsuite> <!-- JMB_COUserMgt_015 -->
