<?xml version="1.0" encoding="UTF-8"?>
<!-- Generated by org.testng.reporters.JUnitXMLReporter -->
<testsuite ignored="0" hostname="DESKTOP-C7B5UC3" failures="0" tests="7" name="JMB_COUserMgt_009" time="21.179" errors="0" timestamp="2020-07-08T16:49:47 EDT">
  <testcase classname="Jombone_Automation.JMB_COUserMgt_009" name="Login" time="10.019"/>
  <testcase classname="Jombone_Automation.JMB_COUserMgt_009" name="NavigateToUserMngmntPage" time="1.13"/>
  <testcase classname="Jombone_Automation.JMB_COUserMgt_009" name="SelectValueStatusDD" time="0.387"/>
  <testcase classname="Jombone_Automation.JMB_COUserMgt_009" name="SelectValueRoleDD" time="0.239"/>
  <testcase classname="Jombone_Automation.JMB_COUserMgt_009" name="SelectValueApproveTimeDD" time="0.185"/>
  <testcase classname="Jombone_Automation.JMB_COUserMgt_009" name="ClickSearchButton" time="0.438"/>
  <testcase classname="Jombone_Automation.JMB_COUserMgt_009" name="VerifySearchResult" time="0.152"/>
</testsuite> <!-- JMB_COUserMgt_009 -->
