<?xml version="1.0" encoding="UTF-8"?>
<!-- Generated by org.testng.reporters.JUnitXMLReporter -->
<testsuite ignored="0" hostname="DESKTOP-C7B5UC3" failures="0" tests="3" name="JMB_COUserMgt_016" time="21.27" errors="0" timestamp="2020-07-08T16:52:22 EDT">
  <testcase classname="Jombone_Automation.JMB_COUserMgt_016" name="Login" time="10.168"/>
  <testcase classname="Jombone_Automation.JMB_COUserMgt_016" name="NavigateToUserMngmntPage" time="1.023"/>
  <testcase classname="Jombone_Automation.JMB_COUserMgt_016" name="InviteUser_EnterMoreThan100char_InMsgTextbox_Negative" time="2.26"/>
</testsuite> <!-- JMB_COUserMgt_016 -->
