<?xml version="1.0" encoding="UTF-8"?>
<!-- Generated by org.testng.reporters.JUnitXMLReporter -->
<testsuite ignored="0" hostname="DESKTOP-C7B5UC3" failures="0" tests="3" name="JMB_COUserMgt_006" time="20.575" errors="0" timestamp="2020-07-08T16:48:46 EDT">
  <testcase classname="Jombone_Automation.JMB_COUserMgt_006" name="Login" time="10.103"/>
  <testcase classname="Jombone_Automation.JMB_COUserMgt_006" name="NavigateToUserMngmntPage" time="0.969"/>
  <testcase classname="Jombone_Automation.JMB_COUserMgt_006" name="StatusDropDownMenu" time="0.206"/>
</testsuite> <!-- JMB_COUserMgt_006 -->
