<?xml version="1.0" encoding="UTF-8"?>
<!-- Generated by org.testng.reporters.JUnitXMLReporter -->
<testsuite ignored="0" hostname="DESKTOP-C7B5UC3" failures="0" tests="3" name="JMB_COUserMgt_014" time="20.346" errors="0" timestamp="2020-07-08T16:51:38 EDT">
  <testcase classname="Jombone_Automation.JMB_COUserMgt_014" name="Login" time="9.453"/>
  <testcase classname="Jombone_Automation.JMB_COUserMgt_014" name="NavigateToUserMngmntPage" time="1.088"/>
  <testcase classname="Jombone_Automation.JMB_COUserMgt_014" name="InviteUser_ApproveTimeDropDown" time="1.634"/>
</testsuite> <!-- JMB_COUserMgt_014 -->
