<?xml version="1.0" encoding="UTF-8"?>
<!-- Generated by org.testng.reporters.JUnitXMLReporter -->
<testsuite ignored="0" hostname="DESKTOP-C7B5UC3" failures="0" tests="3" name="JMB_COUserMgt_011" time="23.099" errors="0" timestamp="2020-07-08T16:50:30 EDT">
  <testcase classname="Jombone_Automation.JMB_COUserMgt_011" name="Login" time="11.918"/>
  <testcase classname="Jombone_Automation.JMB_COUserMgt_011" name="NavigateToUserMngmntPage" time="0.99"/>
  <testcase classname="Jombone_Automation.JMB_COUserMgt_011" name="InviteUser_VerifyUser_Able_To_Enter_ValidEmail" time="1.499"/>
</testsuite> <!-- JMB_COUserMgt_011 -->
