<?xml version="1.0" encoding="UTF-8"?>
<!-- Generated by org.testng.reporters.JUnitXMLReporter -->
<testsuite ignored="0" hostname="DESKTOP-C7B5UC3" failures="0" tests="3" name="JMB_COUserMgt_007" time="20.796" errors="0" timestamp="2020-07-08T16:49:07 EDT">
  <testcase classname="Jombone_Automation.JMB_COUserMgt_007" name="Login" time="11.514"/>
  <testcase classname="Jombone_Automation.JMB_COUserMgt_007" name="NavigateToUserMngmntPage" time="0.976"/>
  <testcase classname="Jombone_Automation.JMB_COUserMgt_007" name="RoleDropDownMenu" time="0.287"/>
</testsuite> <!-- JMB_COUserMgt_007 -->
