<?xml version="1.0" encoding="UTF-8"?>
<!-- Generated by org.testng.reporters.JUnitXMLReporter -->
<testsuite ignored="0" hostname="DESKTOP-C7B5UC3" failures="0" tests="3" name="JMB_COUserMgt_010" time="19.621" errors="0" timestamp="2020-07-08T16:50:07 EDT">
  <testcase classname="Jombone_Automation.JMB_COUserMgt_010" name="Login" time="10.228"/>
  <testcase classname="Jombone_Automation.JMB_COUserMgt_010" name="NavigateToUserMngmntPage" time="1.012"/>
  <testcase classname="Jombone_Automation.JMB_COUserMgt_010" name="InviteUserPopUpWindow" time="0.509"/>
</testsuite> <!-- JMB_COUserMgt_010 -->
