<?xml version="1.0" encoding="UTF-8"?>
<!-- Generated by org.testng.reporters.JUnitXMLReporter -->
<testsuite ignored="0" hostname="DESKTOP-C7B5UC3" failures="0" tests="3" name="JMB_COUserMgt_008" time="18.872" errors="0" timestamp="2020-07-08T16:49:26 EDT">
  <testcase classname="Jombone_Automation.JMB_COUserMgt_008" name="Login" time="9.408"/>
  <testcase classname="Jombone_Automation.JMB_COUserMgt_008" name="NavigateToUserMngmntPage" time="1.002"/>
  <testcase classname="Jombone_Automation.JMB_COUserMgt_008" name="ApproveTimeDownMenu" time="0.248"/>
</testsuite> <!-- JMB_COUserMgt_008 -->
