<?xml version="1.0" encoding="UTF-8"?>
<!-- Generated by org.testng.reporters.JUnitXMLReporter -->
<testsuite ignored="0" hostname="DESKTOP-C7B5UC3" failures="0" tests="3" name="JMB_COUserMgt_012" time="22.094" errors="0" timestamp="2020-07-08T16:50:52 EDT">
  <testcase classname="Jombone_Automation.JMB_COUserMgt_012" name="Login" time="11.041"/>
  <testcase classname="Jombone_Automation.JMB_COUserMgt_012" name="NavigateToUserMngmntPage" time="1.047"/>
  <testcase classname="Jombone_Automation.JMB_COUserMgt_012" name="InviteUser_VerifyUser_Able_To_Enter_Invalid_Email" time="1.329"/>
</testsuite> <!-- JMB_COUserMgt_012 -->
