<?xml version="1.0" encoding="UTF-8"?>
<!-- Generated by org.testng.reporters.JUnitXMLReporter -->
<testsuite ignored="0" hostname="DESKTOP-C7B5UC3" failures="0" tests="3" name="Jombone Regression Testing" time="45.453" errors="0" timestamp="2020-06-23T23:37:54 EDT">
  <testcase classname="Jombone_Automation.JMB_COUserMgt_001" name="Login_With_PositiveInput" time="5.848"/>
  <testcase classname="Jombone_Automation.JMB_COUserMgt_003" name="NavigateToDashboard" time="5.21"/>
  <testcase classname="Jombone_Automation.JMB_COUserMgt_004" name="NavigateToUserManagementPage" time="5.651"/>
</testsuite> <!-- Jombone Regression Testing -->
